<?xml version="1.0" encoding="UTF-8"?>
<!-- Generated by org.testng.reporters.JUnitReportReporter -->
<testsuite skipped="0" hostname="AR-IT13429" name="Academy.HomePage" tests="2" failures="0" timestamp="2020-09-19T09:59:18 ART" time="13.435" errors="0">
  <testcase name="loginHomePage" time="3.241" classname="Academy.HomePage"/>
  <system-out/>
  <testcase name="loginHomePage" time="10.194" classname="Academy.HomePage"/>
  <system-out/>
</testsuite> <!-- Academy.HomePage -->
