<?xml version="1.0" encoding="UTF-8"?>
<!-- Generated by org.testng.reporters.JUnitReportReporter -->
<testsuite skipped="0" hostname="AR-IT13429" name="Academy.validateTitle" tests="2" failures="0" timestamp="2020-09-21T11:31:55 ART" time="0.099" errors="0">
  <testcase name="validateHeader" time="0.043" classname="Academy.validateTitle"/>
  <system-out/>
  <testcase name="getTitle" time="0.056" classname="Academy.validateTitle"/>
  <system-out/>
</testsuite> <!-- Academy.validateTitle -->
