<?xml version="1.0" encoding="UTF-8"?>
<!-- Generated by org.testng.reporters.JUnitReportReporter -->
<testsuite skipped="0" hostname="AR-IT13429" name="Academy.validateNavigationBar" tests="1" failures="0" timestamp="2020-09-21T11:31:55 ART" time="0.060" errors="0">
  <testcase name="basePageNavigation" time="0.060" classname="Academy.validateNavigationBar"/>
  <system-out/>
</testsuite> <!-- Academy.validateNavigationBar -->
