<?xml version="1.0" encoding="UTF-8"?>
<!-- Generated by org.testng.reporters.JUnitReportReporter -->
<testsuite skipped="0" hostname="AR-IT13429" name="Academy.HomePage" tests="2" failures="0" timestamp="2020-09-21T11:31:55 ART" time="12.832" errors="0">
  <testcase name="loginHomePage" time="3.177" classname="Academy.HomePage"/>
  <system-out/>
  <testcase name="loginHomePage" time="9.655" classname="Academy.HomePage"/>
  <system-out/>
</testsuite> <!-- Academy.HomePage -->
